<?xml version="1.0" encoding="UTF-8"?>
<testsuite xmlns:xsi="http://www.w3.org/2001/XMLSchema-instance" xsi:noNamespaceSchemaLocation="https://maven.apache.org/surefire/maven-surefire-plugin/xsd/surefire-test-report.xsd" version="3.0.2" name="net.talaatharb.compiler.ProjectApplicationTest" time="0.159" tests="1" errors="0" skipped="0" failures="0" flakes="0">
  <properties>
[...]
</properties>
  <testcase name="testProjectStarts" classname="net.talaatharb.compiler.ProjectApplicationTest" time="0.121">
    <system-err><![CDATA[[main] INFO net.talaatharb.compiler.ProjectApplication - Application Started
]]></system-err>
  </testcase>
</testsuite>